/index.html.GET took 14ms. User: unknown
/js/site.js.GET took 1ms. User: unknown
/todo.GET took 37ms. User: unknown
/todo.POST took 122ms. User: unknown
/todo.GET took 0ms. User: unknown
/todo/2.PUT took 13ms. User: unknown
/todo.GET took 0ms. User: unknown
/todo.POST took 5ms. User: unknown
/todo.GET took 0ms. User: unknown
/todo.POST took 5ms. User: unknown
/todo.GET took 0ms. User: unknown
/todo/7.DELETE took 11ms. User: unknown
/todo.GET took 0ms. User: unknown
/index.html.GET  took 15ms.  User: unknown
/css/site.css.GET  took 10ms.  User: unknown
/todo.GET  took 20ms.  User: unknown
/todo.POST  took 117ms.  User: unknown
/todo.GET  took 0ms.  User: unknown
/todo/6.DELETE  took 12ms.  User: unknown
/todo.GET  took 0ms.  User: unknown
/index.html.GET  took 13ms.  User: unknown
/todo.GET  took 17ms.  User: unknown
/todo.GET  took 22ms.  User: unknown
/swagge.GET  took 3ms.  User: unknown
/swagge.GET  took 0ms.  User: unknown
/user.GET  took 17ms.  User: unknown
/user.GET  took 33ms.  User: unknown
/user.GET  took 24ms.  User: unknown
/user.GET  took 0ms.  User: unknown
/user.GET  took 22ms.  User: unknown
/user.GET  took 0ms.  User: unknown
/user.GET  took 22ms.  User: unknown
/user.GET  took 30ms.  User: unknown
/user/2.GET  took 42ms.  User: unknown
/user.POST  took 83ms.  User: unknown
/user.POST  took 3ms.  User: unknown
/user.POST  took 3ms.  User: unknown
/user.GET  took 0ms.  User: unknown
/user/5.DELETE  took 19ms.  User: unknown
/user/5.DELETE  took 1ms.  User: unknown
/user/3.PUT  took 6ms.  User: unknown
/user/3.PUT  took 3ms.  User: unknown
/user/3.PUT  took 3ms.  User: unknown
/user/3.GET  took 0ms.  User: unknown
/user/3.PUT  took 3ms.  User: unknown
/user/3.GET  took 0ms.  User: unknown
/todo.GET  took 28ms.  User: unknown
/todo.GET  took 30ms.  User: unknown
/user.GET  took 6ms.  User: unknown
/index.html.GET  took 24ms.  User: unknown
/css/site.css.GET  took 1ms.  User: unknown
/js/site.js.GET  took 2ms.  User: unknown
/favicon.ico.GET  took 0ms.  User: unknown
/todo.GET  took 43ms.  User: unknown
/index.html.GET  took 31ms.  User: unknown
/css/site.css.GET  took 2ms.  User: unknown
/js/site.js.GET  took 5ms.  User: unknown
/todo.GET  took 1ms.  User: unknown
/favicon.ico.GET  took 1ms.  User: unknown
/todo.POST  took 0ms.  User: unknown
/api/user.GET  took 36ms.  User: unknown
/api/task.GET  took 0ms.  User: unknown
/api/todo.GET  took 10ms.  User: unknown
/UI.GET  took 0ms.  User: unknown
/index.html.GET  took 46ms.  User: unknown
/css/site.css.GET  took 2ms.  User: unknown
/js/site.js.GET  took 4ms.  User: unknown
/todo.GET  took 1ms.  User: unknown
/favicon.ico.GET  took 0ms.  User: unknown
/api/todo.GET  took 24ms.  User: unknown
/todo.GET  took 3ms.  User: unknown
/api/todo.GET  took 32ms.  User: unknown
/api/user.GET  took 6ms.  User: unknown
/api/Login.POST  took 99ms.  User: unknown
/api/Login.POST  took 12ms.  User: unknown
/api/Login.POST  took 21ms.  User: unknown
/api/Login.POST  took 84ms.  User: unknown
/api/Login.POST  took 101ms.  User: unknown
/api/Login.POST  took 2ms.  User: unknown
/api/Login.POST  took 3ms.  User: unknown
/index.html.GET  took 33ms.  User: unknown
/js/site.js.GET  took 6ms.  User: unknown
/css/site.css.GET  took 7ms.  User: unknown
/favicon.ico.GET  took 67ms.  User: unknown
/api/Login.POST  took 98ms.  User: unknown
/api/Login.POST  took 1ms.  User: unknown
/api/Login.POST  took 1ms.  User: unknown
/api/Login.POST  took 0ms.  User: unknown
/api/user.POST  took 69ms.  User: unknown
/api/Login.POST  took 104ms.  User: unknown
/api/todo.GET  took 7ms.  User: unknown
/api/Login.POST  took 139ms.  User: unknown
/api/Login.POST  took 213ms.  User: unknown
/api/user.GET  took 84ms.  User: unknown
/api/todo.GET  took 19ms.  User: unknown
/api/todo.GET  took 2ms.  User: unknown
/api/todo.GET  took 369ms.  User: unknown
/api/todo.GET  took 0ms.  User: unknown
/api/todo.GET  took 0ms.  User: unknown
/index.html.GET  took 23ms.  User: unknown
/js/site.js.GET  took 1ms.  User: unknown
/css/site.css.GET  took 1ms.  User: unknown
/todo.GET  took 46ms.  User: unknown
/favicon.ico.GET  took 40ms.  User: unknown
/api/Login.POST  took 66ms.  User: unknown
/api/user.POST  took 16ms.  User: unknown
/api/user.POST  took 107ms.  User: unknown
/api/Login.POST  took 92ms.  User: unknown
/api/todo.GET  took 10ms.  User: unknown
/todo.GET  took 43ms.  User: unknown
/api/Login.POST  took 100ms.  User: unknown
/todo.GET  took 36ms.  User: unknown
/api/Login.POST  took 163ms.  User: unknown
/todo.GET  took 27ms.  User: unknown
/api/todo.GET  took 51ms.  User: unknown
/api/todo.GET  took 39ms.  User: unknown
/todo.GET  took 30ms.  User: unknown
/api/todo.GET  took 173ms.  User: unknown
/api/todo.GET  took 224ms.  User: unknown
/api/todo.GET  took 208ms.  User: unknown
/api/user.GET  took 156ms.  User: unknown
/favicon.ico.GET  took 62ms.  User: unknown
/api/Login.POST  took 339ms.  User: unknown
/api/user.GET  took 404ms.  User: unknown
/api/todo.GET  took 419ms.  User: unknown
/todo.GET  took 51ms.  User: unknown
/api/todo.GET  took 347ms.  User: unknown
/todo.GET  took 5ms.  User: unknown
/api/todo.GET  took 8ms.  User: unknown
/api/todo.GET  took 4ms.  User: unknown
/api/todo.POST  took 69ms.  User: unknown
/api/todo.GET  took 0ms.  User: unknown
/api/todo/8.GET  took 6ms.  User: unknown
/todo.GET  took 32ms.  User: unknown
/api/todo/8.PUT  took 176ms.  User: unknown
/api/todo.GET  took 8ms.  User: unknown
/todo.GET  took 22ms.  User: unknown
/api/Login.POST  took 133ms.  User: unknown
/api/todo/8.DELETE  took 70ms.  User: unknown
/api/todo.GET  took 3ms.  User: unknown
/api/todo/8.DELETE  took 2ms.  User: unknown
/api/todo/8.DELETE  took 0ms.  User: unknown
/todo.GET  took 28ms.  User: unknown
/api/todo/8.DELETE  took 172ms.  User: unknown
/api/todo/9.DELETE  took 7ms.  User: unknown
/api/todo.POST  took 39ms.  User: unknown
/api/user.POST  took 25ms.  User: unknown
/api/Login.POST  took 17ms.  User: unknown
/api/todo.POST  took 3ms.  User: unknown
/api/todo/7.GET  took 2ms.  User: unknown
/api/todo/8.PUT  took 2ms.  User: unknown
/api/todo/9.DELETE  took 2ms.  User: unknown
/api/todo/9.GET  took 1ms.  User: unknown
/api/todo.POST  took 3ms.  User: unknown
/api/todo/9.GET  took 0ms.  User: unknown
/api/todo.GET  took 4ms.  User: unknown
/api/user.POST  took 5ms.  User: unknown
/api/Login.POST  took 1ms.  User: unknown
/api/user.GET  took 3ms.  User: unknown
/api/user.POST  took 2ms.  User: unknown
/api/user.POST  took 3ms.  User: unknown
/api/user.POST  took 6ms.  User: unknown
/api/todo.GET  took 4ms.  User: unknown
/api/todo/0.GET  took 0ms.  User: unknown
/todo.GET  took 29ms.  User: unknown
/api/todo.GET  took 160ms.  User: unknown
/api/todo/8.GET  took 24ms.  User: unknown
/api/todo.POST  took 45ms.  User: unknown
/api/todo/10.GET  took 0ms.  User: unknown
/api/todo/9.GET  took 0ms.  User: unknown
/api/todo/9.PUT  took 2ms.  User: unknown
/api/todo/9.PUT  took 0ms.  User: unknown
/api/todo/10.PUT  took 4ms.  User: unknown
/api/user.GET  took 1ms.  User: unknown
/api/user.POST  took 0ms.  User: unknown
/api/user/10.GET  took 13ms.  User: unknown
/api/user/3.GET  took 4ms.  User: unknown
/api/user/2.GET  took 0ms.  User: unknown
/api/user/1.GET  took 0ms.  User: unknown
/todo.GET  took 69ms.  User: unknown
/api/Login.POST  took 138ms.  User: unknown
/api/user.GET  took 65ms.  User: unknown
/api/user/0.GET  took 7ms.  User: unknown
/todo.GET  took 49ms.  User: unknown
/todo.GET  took 1ms.  User: unknown
/todo.GET  took 40ms.  User: unknown
/todo.GET  took 40ms.  User: unknown
/todo.GET  took 47ms.  User: unknown
/GetAll.GET  took 327ms.  User: unknown
/api/user.GET  took 9ms.  User: unknown
/GetAll.GET  took 2ms.  User: unknown
/todo.GET  took 35ms.  User: unknown
/GetAll.GET  took 331ms.  User: unknown
/api/user.GET  took 16ms.  User: unknown
/api/user.GET  took 3ms.  User: unknown
/api/user/1.PUT  took 65ms.  User: unknown
/api/Login.POST  took 35ms.  User: unknown
/GetAll.GET  took 0ms.  User: unknown
/api/user.GET  took 0ms.  User: unknown
/api/user/1.PUT  took 9ms.  User: unknown
/GetAll.GET  took 1ms.  User: unknown
/api/Login.POST  took 0ms.  User: unknown
/GetAll.GET  took 2ms.  User: unknown
/api/user.GET  took 0ms.  User: unknown
/api/user/3.PUT  took 3ms.  User: unknown
/api/user/3.PUT  took 3ms.  User: unknown
/todo.GET  took 47ms.  User: unknown
/GetAll.GET  took 292ms.  User: unknown
/api/user.GET  took 40ms.  User: unknown
/api/user/3.PUT  took 71ms.  User: unknown
/favicon.ico.GET  took 44ms.  User: unknown
/api/Login.POST  took 441ms.  User: unknown
/api/user.GET  took 172ms.  User: unknown
/api/user/1.PUT  took 11ms.  User: unknown
/api/user/1.PUT  took 6ms.  User: unknown
/todo.GET  took 41ms.  User: unknown
/api/user.PUT  took 420ms.  User: unknown
/GetAll.GET  took 18ms.  User: unknown
/api/user.GET  took 4ms.  User: unknown
/index.html.GET  took 32ms.  User: unknown
/js/site.js.GET  took 2ms.  User: unknown
/todo.GET  took 80ms.  User: unknown
/favicon.ico.GET  took 79ms.  User: unknown
/api/Login.POST  took 335ms.  User: unknown
/api/todo.GET  took 168ms.  User: unknown
/GetAll.GET  took 6ms.  User: unknown
/css/site.css.GET  took 16ms.  User: unknown
/todo.GET  took 44ms.  User: unknown
/api/todo.GET  took 344ms.  User: unknown
/api/user/1.DELETE  took 97ms.  User: unknown
/api/todo.GET  took 2ms.  User: unknown
/api/todo.GET  took 0ms.  User: unknown
/GetAll.GET  took 4ms.  User: unknown
/api/todo.GET  took 1ms.  User: unknown
/api/todo.GET  took 1ms.  User: unknown
/GetAll.GET  took 0ms.  User: unknown
/api/Login.POST  took 61ms.  User: unknown
/api/todo.GET  took 1ms.  User: unknown
/GetAll.GET  took 0ms.  User: unknown
/api/user/1.DELETE  took 6ms.  User: unknown
/api/user/2.DELETE  took 6ms.  User: unknown
/GetAll.GET  took 1ms.  User: unknown
/api/todo.GET  took 1ms.  User: unknown
/api/user/3.DELETE  took 7ms.  User: unknown
/GetAll.GET  took 0ms.  User: unknown
/api/todo.GET  took 0ms.  User: unknown
/favicon.ico.GET  took 51ms.  User: unknown
/index.html.GET  took 28ms.  User: unknown
/todo.GET  took 4ms.  User: unknown
/todo.POST  took 0ms.  User: unknown
/todo.POST  took 0ms.  User: unknown
/todo.GET  took 37ms.  User: unknown
/todo.GET  took 1ms.  User: unknown
/.GET  took 4ms.  User: unknown
/api/Login.POST  took 179ms.  User: unknown
/.GET  took 40ms.  User: unknown
/index.html.GET  took 18ms.  User: unknown
/todo.GET  took 27ms.  User: unknown
/todo.GET  took 27ms.  User: unknown
/index.html.GET  took 19ms.  User: unknown
/todo.GET  took 22ms.  User: unknown
/html/login.html.GET  took 1ms.  User: unknown
/js/login.js.GET  took 1ms.  User: unknown
/html/login.html.GET  took 1ms.  User: unknown
/html/login.html.GET  took 1ms.  User: unknown
/js/login.js.GET  took 1ms.  User: unknown
/html/login.html.GET  took 1ms.  User: unknown
/js/login.js.GET  took 1ms.  User: unknown
/html/login.html.GET  took 0ms.  User: unknown
/html/login.html.GET  took 1ms.  User: unknown
/js/login.js.GET  took 0ms.  User: unknown
/html/login.html.GET  took 1ms.  User: unknown
/html/login.html.GET  took 0ms.  User: unknown
/js/login.js.GET  took 1ms.  User: unknown
/html/login.html.GET  took 0ms.  User: unknown
/js/login.js.GET  took 1ms.  User: unknown
/index.html.GET  took 13ms.  User: unknown
/todo.GET  took 26ms.  User: unknown
/html/login.html.GET  took 0ms.  User: unknown
/js/login.js.GET  took 4ms.  User: unknown
/html/login.html.GET  took 0ms.  User: unknown
/js/login.js.GET  took 0ms.  User: unknown
/html/login.html.GET  took 0ms.  User: unknown
/js/login.js.GET  took 0ms.  User: unknown
/js/login.js.GET  took 0ms.  User: unknown
/index.html.GET  took 16ms.  User: unknown
/todo.GET  took 25ms.  User: unknown
/html/login.html.GET  took 1ms.  User: unknown
/js/login.js.GET  took 2ms.  User: unknown
/html/login.html.GET  took 0ms.  User: unknown
/js/login.js.GET  took 0ms.  User: unknown
/index.html.GET  took 16ms.  User: unknown
/todo.GET  took 24ms.  User: unknown
/html/login.html.GET  took 3ms.  User: unknown
/js/login.js.GET  took 1ms.  User: unknown
/api/Login.POST  took 73ms.  User: unknown
/index.html.GET  took 4ms.  User: unknown
/todo.GET  took 1ms.  User: unknown
/index.html.GET  took 15ms.  User: unknown
/todo.GET  took 28ms.  User: unknown
/html/login.html.GET  took 1ms.  User: unknown
/js/login.js.GET  took 2ms.  User: unknown
/api/Login.POST  took 65ms.  User: unknown
/index.html.GET  took 0ms.  User: unknown
/todo.GET  took 1ms.  User: unknown
/api/Login.POST  took 10ms.  User: unknown
/index.html.GET  took 42ms.  User: unknown
/js/site.js.GET  took 2ms.  User: unknown
/css/site.css.GET  took 3ms.  User: unknown
/favicon.ico.GET  took 54ms.  User: unknown
/html/login.html.GET  took 36ms.  User: unknown
/js/login.js.GET  took 1ms.  User: unknown
/api/Login.POST  took 140ms.  User: unknown
/index.html.GET  took 1ms.  User: unknown
/todo.GET  took 0ms.  User: unknown
/index.html.GET  took 28ms.  User: unknown
/favicon.ico.GET  took 38ms.  User: unknown
/html/login.html.GET  took 1ms.  User: unknown
/js/login.js.GET  took 5ms.  User: unknown
/api/Login.POST  took 110ms.  User: unknown
/index.html.GET  took 1ms.  User: unknown
/todo.GET  took 2ms.  User: unknown
/index.html.GET  took 0ms.  User: unknown
/todo.GET  took 0ms.  User: unknown
/todo.GET  took 0ms.  User: unknown
/todo.GET  took 53ms.  User: unknown
/index.html.GET  took 21ms.  User: unknown
/todo.GET  took 62ms.  User: unknown
/js/login.js.GET  took 1ms.  User: unknown
/api/Login.POST  took 107ms.  User: unknown
/index.html.GET  took 1ms.  User: unknown
/todo.GET  took 5ms.  User: unknown
/todo.GET  took 0ms.  User: unknown
/todo.GET  took 38ms.  User: unknown
/js/login.js.GET  took 11ms.  User: unknown
/api/Login.POST  took 105ms.  User: unknown
/todo.GET  took 7ms.  User: unknown
/js/login.js.GET  took 1ms.  User: unknown
/api/Login.POST  took 3ms.  User: unknown
/todo.GET  took 0ms.  User: unknown
/js/login.js.GET  took 0ms.  User: unknown
/api/Login.POST  took 1ms.  User: unknown


/html/login.html.GET  took 0ms.  User: unknown
/js/login.js.GET  took 0ms.  User: unknown
/html/login.html.GET  took 0ms.  User: unknown
/js/login.js.GET  took 1ms.  User: unknown
/html/login.html.GET  took 0ms.  User: unknown
/html/login.html.GET  took 0ms.  User: unknown
/html/login.html.GET  took 0ms.  User: unknown
/html/login.html.GET  took 0ms.  User: unknown
/html/login.html.GET  took 1ms.  User: unknown
/html/login.html.GET  took 0ms.  User: unknown
/html/login.html.GET  took 0ms.  User: unknown
/redirect.GET  took 0ms.  User: unknown
/html/login.html.GET  took 0ms.  User: unknown
/html/login.html.GET  took 2ms.  User: unknown
/js/login.js.GET  took 1ms.  User: unknown
/favicon.ico.GET  took 0ms.  User: unknown
/api/todo.GET  took 0ms.  User: unknown
/api/todo.GET  took 0ms.  User: unknown
/html/login.html.GET  took 0ms.  User: unknown
/js/login.js.GET  took 0ms.  User: unknown
/html/login.html.GET  took 0ms.  User: unknown
/html/login.html.GET  took 0ms.  User: unknown
/api/todo.GET  took 0ms.  User: unknown
/html/login.html.GET  took 0ms.  User: unknown
/html/login.html.GET  took 0ms.  User: unknown
/js/login.js.GET  took 0ms.  User: unknown
/html/login.html.GET  took 0ms.  User: unknown
/html/login.html.GET  took 1ms.  User: unknown
/js/login.js.GET  took 1ms.  User: unknown
/favicon.ico.GET  took 0ms.  User: unknown
/html/login.html.GET  took 1ms.  User: unknown
/js/login.js.GET  took 0ms.  User: unknown
/favicon.ico.GET  took 0ms.  User: unknown
/api/todo.GET  took 0ms.  User: unknown
/html/chrome.css.map.GET  took 0ms.  User: unknown
/api/todo.GET  took 0ms.  User: unknown
/html/login.html.GET  took 7ms.  User: unknown
/js/login.js.GET  took 0ms.  User: unknown
/api/todo.GET  took 39ms.  User: unknown
/api/Login.POST  took 131ms.  User: unknown
/api/todo.GET  took 56ms.  User: 1
/html/login.html.GET  took 0ms.  User: unknown
/js/login.js.GET  took 1ms.  User: unknown
/html/login.html.GET  took 0ms.  User: unknown
/api/todo.GET  took 36ms.  User: unknown
/html/login.html.GET  took 9ms.  User: unknown
/html/login.html.GET  took 4ms.  User: unknown
/index.html.GET  took 11ms.  User: unknown
/css/site.css.GET  took 1ms.  User: unknown
/js/site.js.GET  took 2ms.  User: unknown
/api/todo.GET  took 3ms.  User: unknown
/html/login.html.GET  took 1ms.  User: unknown
/js/login.js.GET  took 0ms.  User: unknown
/html/login.html.GET  took 0ms.  User: unknown
/js/login.js.GET  took 0ms.  User: unknown
/html/login.html.GET  took 0ms.  User: unknown
/html/login.html.GET  took 0ms.  User: unknown
/html/login.html.GET  took 1ms.  User: unknown
/api/todo.GET  took 1ms.  User: unknown
/html/login.html.GET  took 0ms.  User: unknown
/html/login.html.GET  took 0ms.  User: unknown
/api/Login.POST  took 49ms.  User: unknown
/html/login.html.GET  took 1ms.  User: unknown
/html/login.html.GET  took 0ms.  User: unknown
/html/login.html.GET  took 0ms.  User: unknown
/html/login.html.GET  took 1ms.  User: unknown
/html/login.html.GET  took 0ms.  User: unknown
/api/todo.GET  took 0ms.  User: unknown
/html/login.html.GET  took 0ms.  User: unknown
/api/Login.POST  took 2ms.  User: unknown
/html/login.html.GET  took 0ms.  User: unknown
/api/Login.POST  took 0ms.  User: unknown
/html/login.html.GET  took 0ms.  User: unknown
/api/todo.GET  took 0ms.  User: unknown
/html/login.html.GET  took 0ms.  User: unknown
/html/login.html.GET  took 0ms.  User: unknown
/html/login.html.GET  took 1ms.  User: unknown
/js/login.js.GET  took 1ms.  User: unknown
/api/todo.GET  took 0ms.  User: unknown
/api/todo.GET  took 0ms.  User: unknown
/js/login.js.GET  took 0ms.  User: unknown
/html/login.html.GET  took 1ms.  User: unknown
/js/login.js.GET  took 1ms.  User: unknown
/favicon.ico.GET  took 0ms.  User: unknown
/html/login.html.GET  took 0ms.  User: unknown
/api/todo.GET  took 0ms.  User: unknown
/html/login.html.GET  took 1ms.  User: unknown
/js/login.js.GET  took 0ms.  User: unknown
/api/todo.GET  took 0ms.  User: unknown
/html/login.html.GET  took 0ms.  User: unknown
/js/login.js.GET  took 1ms.  User: unknown
/favicon.ico.GET  took 0ms.  User: unknown
/api/todo.GET  took 0ms.  User: unknown
/api/Login.POST  took 90ms.  User: unknown
/html/login.html.GET  took 7ms.  User: unknown
/js/login.js.GET  took 0ms.  User: unknown
/html/login.html.GET  took 1ms.  User: unknown
/api/Login.POST  took 2ms.  User: unknown
/js/login.js.GET  took 0ms.  User: unknown
/api/Login.POST  took 4ms.  User: unknown
/api/Login.POST  took 164ms.  User: 1
/html/login.html.GET  took 5ms.  User: unknown
/js/login.js.GET  took 0ms.  User: unknown
/api/Login.POST  took 1ms.  User: unknown
/api/Login.POST  took 0ms.  User: unknown
/api/Login.POST  took 1ms.  User: 1
/api/Login.POST  took 161ms.  User: 1
/api/Login.POST  took 1ms.  User: unknown
/api/Login.POST  took 2ms.  User: unknown
/api/Login.POST  took 0ms.  User: unknown
/api/Login.POST  took 0ms.  User: unknown
/api/Login.POST  took 0ms.  User: unknown
/api/Login.POST  took 120ms.  User: unknown
/html/login.html.GET  took 11ms.  User: unknown
/js/login.js.GET  took 3ms.  User: unknown
/html/login.html.GET  took 5ms.  User: unknown
/js/login.js.GET  took 2ms.  User: unknown
/favicon.ico.GET  took 1ms.  User: unknown
/api/Login.POST  took 8ms.  User: unknown
/api/Login.POST  took 1ms.  User: unknown
/api/Login.POST  took 0ms.  User: unknown
/css/site.css.GET  took 1ms.  User: unknown
/api/todo.GET  took 19ms.  User: unknown
/js/login.js.GET  took 0ms.  User: unknown
/api/Login.POST  took 0ms.  User: unknown
/api/Login.POST  took 144ms.  User: unknown
/api/Login.POST  took 6ms.  User: unknown
/js/login.js.GET  took 5ms.  User: unknown
/html/login.html.GET  took 1ms.  User: unknown
/api/Login.POST  took 5ms.  User: unknown
/api/todo.GET  took 14ms.  User: unknown
/api/Login.POST  took 1ms.  User: unknown
/html/login.html.GET  took 0ms.  User: unknown
/js/login.js.GET  took 5ms.  User: unknown
/api/Login.POST  took 1ms.  User: unknown
/js/login.js.GET  took 0ms.  User: unknown
/api/Login.POST  took 1ms.  User: unknown
/html/login.html.GET  took 0ms.  User: unknown
/js/login.js.GET  took 0ms.  User: unknown
/api/Login.POST  took 0ms.  User: unknown
/api/Login.POST  took 0ms.  User: unknown
/api/Login.POST  took 0ms.  User: unknown
/js/login.js.GET  took 0ms.  User: unknown
/html/login.html.GET  took 0ms.  User: unknown
/api/Login.POST  took 0ms.  User: unknown
/js/login.js.GET  took 0ms.  User: unknown
/html/login.html.GET  took 0ms.  User: unknown
/js/login.js.GET  took 1ms.  User: unknown
/api/Login.POST  took 0ms.  User: unknown
/js/login.js.GET  took 0ms.  User: unknown
/html/login.html.GET  took 2ms.  User: unknown
/js/login.js.GET  took 1ms.  User: unknown
/favicon.ico.GET  took 0ms.  User: unknown
/api/Login.POST  took 0ms.  User: unknown
/js/login.js.GET  took 0ms.  User: unknown
/js/login.js.GET  took 9ms.  User: unknown
/api/todo.GET  took 35ms.  User: unknown
/api/Login.POST  took 99ms.  User: unknown
/api/todo.GET  took 50ms.  User: 3
/api/user.GET  took 6ms.  User: 3
/html/users.html.GET  took 5ms.  User: unknown
/api/user.GET  took 0ms.  User: 3
/html/users.html.GET  took 1ms.  User: unknown
/js/users.js.GET  took 1ms.  User: unknown
/html/api/getAll.GET  took 0ms.  User: 3
/api/user.GET  took 0ms.  User: 3
/favicon.ico.GET  took 0ms.  User: unknown
/html/users.html.GET  took 1ms.  User: unknown
/html/api/getAll.GET  took 0ms.  User: 3
/api/user.GET  took 0ms.  User: 3
/api/todo.GET  took 0ms.  User: 3
/api/user/api/getAll.GET  took 0ms.  User: unknown
/api/todo.GET  took 165ms.  User: 3
/index.html.GET  took 8ms.  User: unknown
/api/todo.GET  took 1ms.  User: 3
/index.html.GET  took 8ms.  User: unknown
/css/site.css.GET  took 2ms.  User: unknown
/js/site.js.GET  took 6ms.  User: unknown
/favicon.ico.GET  took 2ms.  User: unknown
/index.html.GET  took 1ms.  User: unknown
/index.html.GET  took 1ms.  User: unknown
/index.html.GET  took 2ms.  User: unknown
/css/site.css.GET  took 0ms.  User: unknown
/favicon.ico.GET  took 0ms.  User: unknown
/index.html.GET  took 1ms.  User: unknown
/index.html.GET  took 2ms.  User: unknown
/html/users.html.GET  took 0ms.  User: unknown
/js/users.js.GET  took 1ms.  User: unknown
/api/user.GET  took 8ms.  User: 3
/getAll.GET  took 2ms.  User: unknown
/getAll.GET  took 0ms.  User: 3
/html/users.html.GET  took 1ms.  User: unknown
/js/users.js.GET  took 1ms.  User: unknown
/getAll.GET  took 1ms.  User: 3
/api/user.GET  took 0ms.  User: 3
/html/users.html.GET  took 0ms.  User: unknown
/js/users.js.GET  took 1ms.  User: unknown
/getAll.GET  took 0ms.  User: 3
/api/user.GET  took 0ms.  User: 3
/html/users.html.GET  took 0ms.  User: unknown
/js/users.js.GET  took 0ms.  User: unknown
/getAll.GET  took 0ms.  User: 3
/api/user.GET  took 0ms.  User: 3
/html/users.html.GET  took 0ms.  User: unknown
/js/users.js.GET  took 0ms.  User: unknown
/getAll.GET  took 0ms.  User: 3
/api/user.GET  took 0ms.  User: 3
/html/users.html.GET  took 1ms.  User: unknown
/html/css/site.css.GET  took 0ms.  User: unknown
/js/users.js.GET  took 0ms.  User: unknown
/getAll.GET  took 0ms.  User: 3
/api/user.GET  took 0ms.  User: 3
/html/users.html.GET  took 2ms.  User: unknown
/js/users.js.GET  took 0ms.  User: unknown
/getAll.GET  took 0ms.  User: 3
/api/user.GET  took 0ms.  User: 3
/favicon.ico.GET  took 0ms.  User: unknown
/html/users.html.GET  took 0ms.  User: unknown
/html/css/site.css.GET  took 0ms.  User: unknown
/html/users.html.GET  took 1ms.  User: unknown
/html/css/site.css.GET  took 0ms.  User: unknown
/js/users.js.GET  took 0ms.  User: unknown
/getAll.GET  took 0ms.  User: 3
/api/user.GET  took 0ms.  User: 3
/favicon.ico.GET  took 0ms.  User: unknown
/html/users.html.GET  took 0ms.  User: unknown
/html/css/site.css.GET  took 0ms.  User: unknown
/getAll.GET  took 0ms.  User: 3
/api/user.GET  took 0ms.  User: 3
/html/users.html.GET  took 1ms.  User: unknown
/html/css/site.css.GET  took 0ms.  User: unknown
/js/users.js.GET  took 0ms.  User: unknown
/getAll.GET  took 0ms.  User: 3
/api/user.GET  took 1ms.  User: 3
/html/users.html.GET  took 1ms.  User: unknown
/js/users.js.GET  took 0ms.  User: unknown
/getAll.GET  took 0ms.  User: 3
/api/user.GET  took 0ms.  User: 3
/index.html.GET  took 31ms.  User: unknown
/css/site.css.GET  took 1ms.  User: unknown
/js/site.js.GET  took 4ms.  User: unknown
/favicon.ico.GET  took 43ms.  User: unknown
/index.html.GET  took 2ms.  User: unknown
/index.html.GET  took 1ms.  User: unknown
/js/site.js.GET  took 0ms.  User: unknown
/favicon.ico.GET  took 0ms.  User: unknown
/html/users.html.GET  took 1ms.  User: unknown
/css/site.css.GET  took 1ms.  User: unknown
/js/users.js.GET  took 1ms.  User: unknown
/getAll.GET  took 419ms.  User: 3
/api/user.GET  took 419ms.  User: 3
/index.html.GET  took 5ms.  User: unknown
/css/site.css.GET  took 1ms.  User: unknown
/js/site.js.GET  took 1ms.  User: unknown
/favicon.ico.GET  took 0ms.  User: unknown
/html/users.html.GET  took 1ms.  User: unknown
/getAll.GET  took 3ms.  User: 3
/api/user.GET  took 0ms.  User: 3
/index.html.GET  took 3ms.  User: unknown
/js/tasks.js.GET  took 3ms.  User: unknown
/index.html.GET  took 2ms.  User: unknown
/index.html.GET  took 4ms.  User: unknown
/css/site.css.GET  took 1ms.  User: unknown
/js/tasks.js.GET  took 1ms.  User: unknown
/favicon.ico.GET  took 0ms.  User: unknown
/index.html.GET  took 1ms.  User: unknown
/index.html.GET  took 3ms.  User: unknown
/js/tasks.js.GET  took 1ms.  User: unknown
/favicon.ico.GET  took 0ms.  User: unknown
/index.html.GET  took 3ms.  User: unknown
/css/site.css.GET  took 0ms.  User: unknown
/js/tasks.js.GET  took 1ms.  User: unknown
/favicon.ico.GET  took 0ms.  User: unknown
/index.html.GET  took 2ms.  User: unknown
/css/site.css.GET  took 1ms.  User: unknown
/js/tasks.js.GET  took 1ms.  User: unknown
/favicon.ico.GET  took 0ms.  User: unknown
/index.html.GET  took 4ms.  User: unknown
/js/tasks.js.GET  took 1ms.  User: unknown
/api/todo.GET  took 4ms.  User: 3
/api/user.GET  took 1ms.  User: 3
/api/todo.POST  took 131ms.  User: 3
/api/todo.GET  took 0ms.  User: 3
/api/user.GET  took 1ms.  User: 3
/api/todo.POST  took 6ms.  User: 3
/api/todo.GET  took 1ms.  User: 3
/api/user.GET  took 2ms.  User: 3
/api/todo.POST  took 4ms.  User: 3
/api/todo.GET  took 0ms.  User: 3
/api/user.GET  took 1ms.  User: 3
/api/todo.POST  took 5ms.  User: 3
/api/todo.GET  took 1ms.  User: 3
/api/todo/21.DELETE  took 20ms.  User: 3
/api/todo.GET  took 0ms.  User: 3
/api/todo/20.DELETE  took 6ms.  User: 3
/api/todo.GET  took 0ms.  User: 3
/api/todo/18.DELETE  took 4ms.  User: 3
/api/todo.GET  took 0ms.  User: 3
/html/users.html.GET  took 2ms.  User: unknown
/api/user.GET  took 1ms.  User: 3
/favicon.ico.GET  took 0ms.  User: unknown
/html/users.html.GET  took 2ms.  User: unknown
/css/site.css.GET  took 1ms.  User: unknown
/js/users.js.GET  took 0ms.  User: unknown
/getAll.GET  took 1ms.  User: 3
/api/user.GET  took 1ms.  User: 3
/favicon.ico.GET  took 0ms.  User: unknown
/getAll.GET  took 1ms.  User: 3
/api/user.GET  took 0ms.  User: 3
/index.html.GET  took 2ms.  User: unknown
/css/site.css.GET  took 0ms.  User: unknown
/js/tasks.js.GET  took 2ms.  User: unknown
/api/todo.GET  took 1ms.  User: 3
/favicon.ico.GET  took 0ms.  User: unknown
/html/users.html.GET  took 0ms.  User: unknown
/js/users.js.GET  took 1ms.  User: unknown
/getAll.GET  took 0ms.  User: 3
/api/user.GET  took 0ms.  User: 3
/api/todo/19.PUT  took 10ms.  User: 3
/api/todo.GET  took 0ms.  User: 3
/index.html.GET  took 1ms.  User: unknown
/js/tasks.js.GET  took 0ms.  User: unknown
/api/todo.GET  took 0ms.  User: 3
/html/users.html.GET  took 1ms.  User: unknown
/js/users.js.GET  took 0ms.  User: unknown
/getAll.GET  took 0ms.  User: 3
/api/user.GET  took 0ms.  User: 3
/html/users.html.GET  took 1ms.  User: unknown
/getAll.GET  took 1ms.  User: 3
/api/user.GET  took 0ms.  User: 3
/html/users.html.GET  took 2ms.  User: unknown
/js/users.js.GET  took 1ms.  User: unknown
/getAll.GET  took 0ms.  User: 3
/api/user.GET  took 0ms.  User: 3
/html/users.html.GET  took 1ms.  User: unknown
/js/users.js.GET  took 1ms.  User: unknown
/getAll.GET  took 0ms.  User: 3
/api/user.GET  took 0ms.  User: 3
/html/users.html.GET  took 1ms.  User: unknown
/js/users.js.GET  took 1ms.  User: unknown
/html/users.html.GET  took 2ms.  User: unknown
/css/site.css.GET  took 1ms.  User: unknown
/js/users.js.GET  took 1ms.  User: unknown
/favicon.ico.GET  took 0ms.  User: unknown
/html/users.html.GET  took 0ms.  User: unknown
/js/users.js.GET  took 0ms.  User: unknown
/html/users.html.GET  took 1ms.  User: unknown
/css/site.css.GET  took 0ms.  User: unknown
/js/users.js.GET  took 0ms.  User: unknown
/favicon.ico.GET  took 0ms.  User: unknown
/html/users.html.GET  took 0ms.  User: unknown
/js/users.js.GET  took 0ms.  User: unknown
/index.html.GET  took 18ms.  User: unknown
/js/tasks.js.GET  took 1ms.  User: unknown
/api/todo.GET  took 247ms.  User: 3
/html/users.html.GET  took 1ms.  User: unknown
/js/users.js.GET  took 0ms.  User: unknown
/html/users.html.GET  took 1ms.  User: unknown
/js/users.js.GET  took 4ms.  User: unknown
/api/user.GET  took 18ms.  User: 3
/html/users.html.GET  took 1ms.  User: unknown
/js/users.js.GET  took 1ms.  User: unknown
/api/user.GET  took 1ms.  User: 3
/getAll.GET  took 3ms.  User: 3
/html/users.html.GET  took 0ms.  User: unknown
/js/users.js.GET  took 2ms.  User: unknown
/getAll.GET  took 1ms.  User: 3
/api/user.GET  took 1ms.  User: 3
/html/users.html.GET  took 8ms.  User: unknown
/js/users.js.GET  took 0ms.  User: unknown
/getAll.GET  took 1ms.  User: 3
/api/user.GET  took 0ms.  User: 3
/html/users.html.GET  took 3ms.  User: unknown
/js/users.js.GET  took 0ms.  User: unknown
/getAll.GET  took 1ms.  User: 3
/api/user.GET  took 1ms.  User: 3
/html/users.html.GET  took 2ms.  User: unknown
/js/users.js.GET  took 0ms.  User: unknown
/getAll.GET  took 1ms.  User: 3
/api/user.GET  took 0ms.  User: 3
/html/users.html.GET  took 1ms.  User: unknown
/js/users.js.GET  took 0ms.  User: unknown
/api/user.GET  took 1ms.  User: 3
/html/users.html.GET  took 1ms.  User: unknown
/getAll.GET  took 2ms.  User: 3
/api/user.GET  took 0ms.  User: 3
/html/users.html.GET  took 2ms.  User: unknown
/getAll.GET  took 1ms.  User: 3
/api/user.GET  took 1ms.  User: 3
/html/users.html.GET  took 1ms.  User: unknown
/css/site.css.GET  took 1ms.  User: unknown
/js/users.js.GET  took 1ms.  User: unknown
/getAll.GET  took 1ms.  User: 3
/api/user.GET  took 0ms.  User: 3
/favicon.ico.GET  took 2ms.  User: unknown
/api/user.POST  took 66ms.  User: 3
/getAll.GET  took 0ms.  User: 3
/html/users.html.GET  took 1ms.  User: unknown
/js/users.js.GET  took 2ms.  User: unknown
/getAll.GET  took 1ms.  User: 3
/api/user.GET  took 1ms.  User: 3
/api/user.POST  took 3ms.  User: 3
/getAll.GET  took 0ms.  User: 3
/html/users.html.GET  took 2ms.  User: unknown
/js/users.js.GET  took 1ms.  User: unknown
/getAll.GET  took 1ms.  User: 3
/api/user.GET  took 0ms.  User: 3
/api/user.POST  took 2ms.  User: 3
/getAll.GET  took 0ms.  User: 3
/html/users.html.GET  took 0ms.  User: unknown
/js/users.js.GET  took 1ms.  User: unknown
/getAll.GET  took 1ms.  User: 3
/api/user.GET  took 0ms.  User: 3
/api/user.POST  took 65ms.  User: 3
/getAll.GET  took 0ms.  User: 3
/html/users.html.GET  took 1ms.  User: unknown
/css/site.css.GET  took 1ms.  User: unknown
/js/users.js.GET  took 1ms.  User: unknown
/getAll.GET  took 1ms.  User: 3
/api/user.GET  took 0ms.  User: 3
/favicon.ico.GET  took 0ms.  User: unknown
/html/users.html.GET  took 1ms.  User: unknown
/css/site.css.GET  took 1ms.  User: unknown
/js/users.js.GET  took 1ms.  User: unknown
/getAll.GET  took 1ms.  User: 3
/api/user.GET  took 0ms.  User: 3
/favicon.ico.GET  took 0ms.  User: unknown
/api/user/4.DELETE  took 14ms.  User: 3
/getAll.GET  took 0ms.  User: 3
/html/users.html.GET  took 2ms.  User: unknown
/js/users.js.GET  took 1ms.  User: unknown
/css/site.css.GET  took 2ms.  User: unknown
/getAll.GET  took 1ms.  User: 3
/api/user.GET  took 0ms.  User: 3
/favicon.ico.GET  took 0ms.  User: unknown
/html/users.html.GET  took 1ms.  User: unknown
/js/users.js.GET  took 1ms.  User: unknown
/getAll.GET  took 1ms.  User: 3
/api/user.GET  took 0ms.  User: 3
/favicon.ico.GET  took 0ms.  User: unknown
/html/users.html.GET  took 1ms.  User: unknown
/js/users.js.GET  took 0ms.  User: unknown
/getAll.GET  took 0ms.  User: 3
/api/user.GET  took 0ms.  User: 3
/html/users.html.GET  took 2ms.  User: unknown
/js/users.js.GET  took 0ms.  User: unknown
/getAll.GET  took 0ms.  User: 3
/api/user.GET  took 0ms.  User: 3
/html/users.html.GET  took 0ms.  User: unknown
/js/users.js.GET  took 2ms.  User: unknown
/getAll.GET  took 0ms.  User: 3
/api/user.GET  took 0ms.  User: 3
/html/users.html.GET  took 2ms.  User: unknown
/css/site.css.GET  took 1ms.  User: unknown
/js/users.js.GET  took 1ms.  User: unknown
/getAll.GET  took 0ms.  User: 3
/api/user.GET  took 0ms.  User: 3
/favicon.ico.GET  took 0ms.  User: unknown
/html/users.html.GET  took 1ms.  User: unknown
/js/users.js.GET  took 1ms.  User: unknown
/getAll.GET  took 0ms.  User: 3
/api/user.GET  took 0ms.  User: 3
/html/users.html.GET  took 2ms.  User: unknown
/css/site.css.GET  took 1ms.  User: unknown
/js/users.js.GET  took 1ms.  User: unknown
/getAll.GET  took 0ms.  User: 3
/api/user.GET  took 0ms.  User: 3
/favicon.ico.GET  took 0ms.  User: unknown
/api/user/1.PUT  took 0ms.  User: 3
/getAll.GET  took 0ms.  User: 3
/api/user/1.PUT  took 0ms.  User: 3
/getAll.GET  took 0ms.  User: 3
/api/user/1.PUT  took 0ms.  User: 3
/getAll.GET  took 0ms.  User: 3
/api/user/2.PUT  took 0ms.  User: 3
/getAll.GET  took 0ms.  User: 3
/html/users.html.GET  took 1ms.  User: unknown
/js/users.js.GET  took 0ms.  User: unknown
/getAll.GET  took 0ms.  User: 3
/api/user.GET  took 0ms.  User: 3
/favicon.ico.GET  took 1ms.  User: unknown
/html/users.html.GET  took 1ms.  User: unknown
/js/users.js.GET  took 0ms.  User: unknown
/getAll.GET  took 0ms.  User: 3
/api/user.GET  took 1ms.  User: 3
/api/user/1.PUT  took 0ms.  User: 3
/getAll.GET  took 1ms.  User: 3
/html/users.html.GET  took 0ms.  User: unknown
/js/users.js.GET  took 1ms.  User: unknown
/getAll.GET  took 1ms.  User: 3
/api/user.GET  took 0ms.  User: 3
/api/user/1.PUT  took 0ms.  User: 3
/getAll.GET  took 0ms.  User: 3
/html/users.html.GET  took 1ms.  User: unknown
/js/users.js.GET  took 1ms.  User: unknown
/getAll.GET  took 0ms.  User: 3
/api/user.GET  took 1ms.  User: 3
/favicon.ico.GET  took 2ms.  User: unknown
/html/users.html.GET  took 0ms.  User: unknown
/js/users.js.GET  took 0ms.  User: unknown
/getAll.GET  took 0ms.  User: 3
/api/user.GET  took 0ms.  User: 3
/api/user/1.PUT  took 0ms.  User: 3
/getAll.GET  took 0ms.  User: 3
/api/user/2.PUT  took 0ms.  User: 3
/getAll.GET  took 0ms.  User: 3
/html/users.html.GET  took 0ms.  User: unknown
/js/users.js.GET  took 1ms.  User: unknown
/getAll.GET  took 1ms.  User: 3
/api/user.GET  took 0ms.  User: 3
/api/user/1.PUT  took 0ms.  User: 3
/getAll.GET  took 0ms.  User: 3
/api/Login.POST  took 6ms.  User: unknown
/api/Login.POST  took 28ms.  User: unknown
/getAll.GET  took 1ms.  User: 2
/api/user.PUT  took 6ms.  User: 2
/html/users.html.GET  took 1ms.  User: unknown
/css/site.css.GET  took 1ms.  User: unknown
/js/users.js.GET  took 1ms.  User: unknown
/getAll.GET  took 0ms.  User: 3
/api/user.GET  took 0ms.  User: 3
/favicon.ico.GET  took 0ms.  User: unknown
/index.html.GET  took 2ms.  User: unknown
/js/tasks.js.GET  took 0ms.  User: unknown
/api/todo.GET  took 0ms.  User: 3
/index.html.GET  took 2ms.  User: unknown
/js/tasks.js.GET  took 0ms.  User: unknown
/api/todo.GET  took 0ms.  User: 3
/favicon.ico.GET  took 0ms.  User: unknown
/index.html.GET  took 0ms.  User: unknown
/js/tasks.js.GET  took 0ms.  User: unknown
/api/todo.GET  took 0ms.  User: 3
/api/user.GET  took 0ms.  User: 3
/index.html.GET  took 2ms.  User: unknown
/js/tasks.js.GET  took 0ms.  User: unknown
/css/site.css.GET  took 2ms.  User: unknown
/api/todo.GET  took 0ms.  User: 3
/favicon.ico.GET  took 0ms.  User: unknown
/api/user.GET  took 0ms.  User: 3
/index.html.GET  took 1ms.  User: unknown
/css/site.css.GET  took 1ms.  User: unknown
/js/tasks.js.GET  took 2ms.  User: unknown
/api/todo.GET  took 0ms.  User: 3
/favicon.ico.GET  took 0ms.  User: unknown
/api/user.GET  took 2ms.  User: 3
/html/users.html.GET  took 0ms.  User: unknown
/css/site.css.GET  took 1ms.  User: unknown
/js/users.js.GET  took 0ms.  User: unknown
/getAll.GET  took 1ms.  User: 3
/api/user.GET  took 0ms.  User: 3
/html/users.html.GET  took 9ms.  User: unknown
/js/users.js.GET  took 2ms.  User: unknown
/css/site.css.GET  took 9ms.  User: unknown
/favicon.ico.GET  took 34ms.  User: unknown
/getAll.GET  took 276ms.  User: 3
/api/user.GET  took 274ms.  User: 3
/api/user.POST  took 124ms.  User: 3
/getAll.GET  took 1ms.  User: 3
/api/user/4.DELETE  took 15ms.  User: 3
/getAll.GET  took 1ms.  User: 3
/index.html.GET  took 9ms.  User: unknown
/js/tasks.js.GET  took 0ms.  User: unknown
/api/todo.GET  took 7ms.  User: 3
/index.html.GET  took 1ms.  User: unknown
/api/todo.GET  took 14ms.  User: unknown
/html/login.html.GET  took 1ms.  User: unknown
/js/login.js.GET  took 1ms.  User: unknown
/api/Login.POST  took 30ms.  User: unknown
/api/todo.GET  took 1ms.  User: 1
/api/user.GET  took 1ms.  User: 1
/index.html.GET  took 0ms.  User: unknown
/api/todo.GET  took 0ms.  User: unknown
/api/Login.POST  took 9ms.  User: unknown
/js/tasks.js.GET  took 1ms.  User: unknown
/api/todo.GET  took 0ms.  User: 3
/html/users.html.GET  took 1ms.  User: unknown
/js/users.js.GET  took 0ms.  User: unknown
/getAll.GET  took 1ms.  User: 3
/api/user.GET  took 1ms.  User: 3
/api/user.PUT  took 9ms.  User: 2
/html/users.html.GET  took 1ms.  User: unknown
/css/site.css.GET  took 0ms.  User: unknown
/js/users.js.GET  took 0ms.  User: unknown
/getAll.GET  took 0ms.  User: unknown
/api/user.GET  took 0ms.  User: unknown
/html/users.html.GET  took 2ms.  User: unknown
/css/site.css.GET  took 1ms.  User: unknown
/js/users.js.GET  took 1ms.  User: unknown
/getAll.GET  took 0ms.  User: unknown
/api/user.GET  took 0ms.  User: unknown
/favicon.ico.GET  took 0ms.  User: unknown
/html/users.html.GET  took 0ms.  User: unknown
/getAll.GET  took 0ms.  User: unknown
/api/user.GET  took 0ms.  User: unknown
/index.html.GET  took 9ms.  User: unknown
/js/tasks.js.GET  took 4ms.  User: unknown
/api/todo.GET  took 0ms.  User: unknown
/api/Login.POST  took 0ms.  User: unknown
/api/Login.POST  took 0ms.  User: unknown
/index.html.GET  took 0ms.  User: unknown
/js/tasks.js.GET  took 0ms.  User: unknown
/api/todo.GET  took 1ms.  User: 1
/api/user.GET  took 0ms.  User: 1
/index.html.GET  took 0ms.  User: unknown
/css/site.css.GET  took 0ms.  User: unknown
/favicon.ico.GET  took 5ms.  User: unknown
/index.html.GET  took 0ms.  User: unknown
/js/tasks.js.GET  took 0ms.  User: unknown
/api/todo.GET  took 0ms.  User: 1
/api/user.GET  took 1ms.  User: 1
/index.html.GET  took 1ms.  User: unknown
/js/tasks.js.GET  took 2ms.  User: unknown
/css/site.css.GET  took 2ms.  User: unknown
/favicon.ico.GET  took 0ms.  User: unknown
/index.html.GET  took 0ms.  User: unknown
/js/tasks.js.GET  took 0ms.  User: unknown
/api/todo.GET  took 0ms.  User: 1
/api/user.GET  took 0ms.  User: 1
/api/user.PUT  took 2ms.  User: 1
/index.html.GET  took 0ms.  User: unknown
/css/site.css.GET  took 0ms.  User: unknown
/favicon.ico.GET  took 0ms.  User: unknown
/index.html.GET  took 0ms.  User: unknown
/js/tasks.js.GET  took 0ms.  User: unknown
/api/todo.GET  took 0ms.  User: 1
/api/user.GET  took 0ms.  User: 1
/api/user.PUT  took 3ms.  User: 1
/index.html.GET  took 0ms.  User: unknown
/js/tasks.js.GET  took 0ms.  User: unknown
/api/todo.GET  took 0ms.  User: unknown
/api/Login.POST  took 0ms.  User: unknown
/js/tasks.js.GET  took 0ms.  User: unknown
/api/todo.GET  took 0ms.  User: 3
/html/users.html.GET  took 0ms.  User: unknown
/js/users.js.GET  took 0ms.  User: unknown
/getAll.GET  took 0ms.  User: 3
/api/user.GET  took 0ms.  User: 3
/index.html.GET  took 1ms.  User: unknown
/js/tasks.js.GET  took 1ms.  User: unknown
/api/todo.GET  took 0ms.  User: unknown
/api/Login.POST  took 0ms.  User: unknown
/js/tasks.js.GET  took 0ms.  User: unknown
/api/todo.GET  took 1ms.  User: 3
/api/user.GET  took 1ms.  User: 3
/api/todo.POST  took 8ms.  User: 3
/api/todo.GET  took 0ms.  User: 3
/api/todo/20.PUT  took 4ms.  User: 3
/api/todo.GET  took 0ms.  User: 3
/api/todo/20.DELETE  took 4ms.  User: 3
/api/todo.GET  took 0ms.  User: 3
/api/user.GET  took 0ms.  User: 3
/api/user.GET  took 0ms.  User: 3
/html/users.html.GET  took 1ms.  User: unknown
/js/users.js.GET  took 0ms.  User: unknown
/getAll.GET  took 0ms.  User: 3
/api/user.GET  took 0ms.  User: 3
/favicon.ico.GET  took 0ms.  User: unknown
/html/users.html.GET  took 0ms.  User: unknown
/getAll.GET  took 0ms.  User: 3
/api/user.GET  took 0ms.  User: 3
/js/tasks.js.GET  took 0ms.  User: unknown
/api/todo.GET  took 1ms.  User: 3
/api/user.GET  took 0ms.  User: 3
/api/todo.POST  took 2ms.  User: 3
/api/todo.GET  took 0ms.  User: 3
/api/user.GET  took 0ms.  User: 3
/api/todo.POST  took 2ms.  User: 3
/api/todo.GET  took 0ms.  User: 3
/api/user.GET  took 0ms.  User: 3
/api/todo.POST  took 2ms.  User: 3
/api/todo.GET  took 0ms.  User: 3
/api/todo/20.DELETE  took 3ms.  User: 3
/api/todo.GET  took 0ms.  User: 3
/getAll.GET  took 0ms.  User: 3
/api/user.GET  took 0ms.  User: 3
/js/tasks.js.GET  took 0ms.  User: unknown
/api/todo.GET  took 1ms.  User: 3
/getAll.GET  took 0ms.  User: 3
/api/user.GET  took 0ms.  User: 3
/api/user/2.DELETE  took 3ms.  User: 3
/getAll.GET  took 0ms.  User: 3
/api/user.POST  took 3ms.  User: 3
/getAll.GET  took 0ms.  User: 3
/js/tasks.js.GET  took 0ms.  User: unknown
/api/todo.GET  took 0ms.  User: 3
/api/user.GET  took 0ms.  User: 3
/api/user.PUT  took 1ms.  User: 3
/getAll.GET  took 0ms.  User: 3
/api/user.GET  took 0ms.  User: 3
/api/todo.GET  took 0ms.  User: 3
/api/user.GET  took 0ms.  User: 3
/api/user.PUT  took 0ms.  User: 3
/api/user.GET  took 0ms.  User: 3
/index.html.GET  took 0ms.  User: unknown
/js/tasks.js.GET  took 0ms.  User: unknown
/css/site.css.GET  took 0ms.  User: unknown
/api/todo.GET  took 0ms.  User: 3
/favicon.ico.GET  took 0ms.  User: unknown
/html/users.html.GET  took 0ms.  User: unknown
/js/users.js.GET  took 0ms.  User: unknown
/getAll.GET  took 0ms.  User: 3
/api/user.GET  took 0ms.  User: 3
/api/todo.GET  took 0ms.  User: 3
/getAll.GET  took 0ms.  User: 3
/api/user.GET  took 0ms.  User: 3
/api/todo.GET  took 0ms.  User: 3
/api/user.GET  took 0ms.  User: 3
/index.html.GET  took 0ms.  User: unknown
/css/site.css.GET  took 0ms.  User: unknown
/favicon.ico.GET  took 0ms.  User: unknown
/index.html.GET  took 0ms.  User: unknown
/api/todo.GET  took 0ms.  User: 3
/api/user.GET  took 0ms.  User: 3
/api/user.GET  took 0ms.  User: 3
/index.html.GET  took 0ms.  User: unknown
/css/site.css.GET  took 0ms.  User: unknown
/js/tasks.js.GET  took 0ms.  User: unknown
/api/todo.GET  took 0ms.  User: 3
/index.html.GET  took 1ms.  User: unknown
/css/site.css.GET  took 0ms.  User: unknown
/favicon.ico.GET  took 0ms.  User: unknown
/index.html.GET  took 0ms.  User: unknown
/api/todo.GET  took 0ms.  User: unknown
/html/login.html.GET  took 0ms.  User: unknown
/js/login.js.GET  took 0ms.  User: unknown
/redirect.GET  took 0ms.  User: unknown
/redirect.GET  took 0ms.  User: unknown
/redirect.GET  took 0ms.  User: unknown
/html/login.html.GET  took 0ms.  User: unknown
/js/login.js.GET  took 0ms.  User: unknown
/api/Login.POST  took 0ms.  User: unknown
/index.html.GET  took 0ms.  User: unknown
/api/todo.GET  took 0ms.  User: 3
/api/user.GET  took 0ms.  User: 3
/api/user.PUT  took 0ms.  User: 3
/index.html.GET  took 0ms.  User: unknown
/css/site.css.GET  took 0ms.  User: unknown
/js/tasks.js.GET  took 0ms.  User: unknown
/api/todo.GET  took 0ms.  User: 3
/favicon.ico.GET  took 0ms.  User: unknown
/index.html.GET  took 0ms.  User: unknown
/js/tasks.js.GET  took 0ms.  User: unknown
/api/todo.GET  took 0ms.  User: 3
/api/user.GET  took 0ms.  User: 3
/api/user.GET  took 0ms.  User: 3
/api/user.GET  took 0ms.  User: 3
/index.html.GET  took 0ms.  User: unknown
/js/tasks.js.GET  took 0ms.  User: unknown
/api/todo.GET  took 1ms.  User: 3
/favicon.ico.GET  took 0ms.  User: unknown
/index.html.GET  took 0ms.  User: unknown
/js/tasks.js.GET  took 0ms.  User: unknown
/api/todo.GET  took 0ms.  User: 3
/api/user.GET  took 0ms.  User: 3
/index.html.GET  took 1ms.  User: unknown
/css/site.css.GET  took 0ms.  User: unknown
/js/tasks.js.GET  took 0ms.  User: unknown
/api/todo.GET  took 0ms.  User: 3
/favicon.ico.GET  took 0ms.  User: unknown
/api/user.GET  took 0ms.  User: 3
/index.html.GET  took 0ms.  User: unknown
/js/tasks.js.GET  took 0ms.  User: unknown
/css/site.css.GET  took 0ms.  User: unknown
/api/todo.GET  took 0ms.  User: 3
/favicon.ico.GET  took 0ms.  User: unknown
/api/user.GET  took 0ms.  User: 3
/api/user.GET  took 0ms.  User: 3
/api/user.PUT  took 3ms.  User: 3
/index.html.GET  took 0ms.  User: unknown
/css/site.css.GET  took 0ms.  User: unknown
/favicon.ico.GET  took 0ms.  User: unknown
/index.html.GET  took 0ms.  User: unknown
/js/tasks.js.GET  took 0ms.  User: unknown
/api/todo.GET  took 0ms.  User: 3
/api/user.GET  took 0ms.  User: 3
/api/user.GET  took 0ms.  User: 3
/api/user.PUT  took 3ms.  User: 3
/index.html.GET  took 0ms.  User: unknown
/css/site.css.GET  took 0ms.  User: unknown
/favicon.ico.GET  took 0ms.  User: unknown
/index.html.GET  took 0ms.  User: unknown
/js/tasks.js.GET  took 0ms.  User: unknown
/api/todo.GET  took 0ms.  User: 3
/api/user.GET  took 1ms.  User: 3
/api/user.GET  took 0ms.  User: 3
/api/user.PUT  took 3ms.  User: 3
/index.html.GET  took 9ms.  User: unknown
/js/tasks.js.GET  took 5ms.  User: unknown
/api/todo.GET  took 155ms.  User: 3
/index.html.GET  took 13ms.  User: unknown
/js/tasks.js.GET  took 0ms.  User: unknown
/api/todo.GET  took 3ms.  User: 3
/api/user.GET  took 16ms.  User: 3
/html/users.html.GET  took 0ms.  User: unknown
/js/users.js.GET  took 0ms.  User: unknown
/api/user.GET  took 0ms.  User: 3
/html/users.html.GET  took 0ms.  User: unknown
/getAll.GET  took 0ms.  User: 3
/api/user.GET  took 0ms.  User: 3
/js/tasks.js.GET  took 0ms.  User: unknown
/api/todo.GET  took 0ms.  User: 3
/getAll.GET  took 1ms.  User: 3
/api/user.GET  took 1ms.  User: 3
/index.html.GET  took 0ms.  User: unknown
/api/todo.GET  took 0ms.  User: 3
/api/user.GET  took 0ms.  User: 3
/api/user.GET  took 0ms.  User: 3
/api/user.PUT  took 37ms.  User: 3
/api/user.PUT  took 2ms.  User: 2
/api/user.PUT  took 0ms.  User: 2
/api/user.PUT  took 0ms.  User: 2
/api/Login.POST  took 2ms.  User: 2
/api/Login.POST  took 11ms.  User: 2
/api/user.PUT  took 2ms.  User: 1
/api/todo/21.PUT  took 10ms.  User: 3
/api/todo.GET  took 0ms.  User: 3
/api/todo/21.PUT  took 3ms.  User: 3
/api/todo.GET  took 0ms.  User: 3
/getAll.GET  took 0ms.  User: 3
/api/user.GET  took 1ms.  User: 3
/api/user/1.DELETE  took 12ms.  User: 3
/getAll.GET  took 0ms.  User: 3
/api/user.POST  took 30ms.  User: 3
/getAll.GET  took 0ms.  User: 3
/api/user/5.DELETE  took 2ms.  User: 3
/getAll.GET  took 0ms.  User: 3
/api/user.POST  took 3ms.  User: 3
/getAll.GET  took 0ms.  User: 3
/index.html.GET  took 1ms.  User: unknown
/js/tasks.js.GET  took 0ms.  User: unknown
/api/todo.GET  took 0ms.  User: 3
/api/user.GET  took 0ms.  User: 3
/api/user.GET  took 0ms.  User: 3
/api/user.PUT  took 2ms.  User: 3
/index.html.GET  took 2ms.  User: unknown
/css/site.css.GET  took 0ms.  User: unknown
/js/tasks.js.GET  took 0ms.  User: unknown
/index.html.GET  took 2ms.  User: unknown
/css/site.css.GET  took 0ms.  User: unknown
/favicon.ico.GET  took 0ms.  User: unknown
/index.html.GET  took 1ms.  User: unknown
/index.html.GET  took 1ms.  User: unknown
/css/site.css.GET  took 0ms.  User: unknown
/js/tasks.js.GET  took 1ms.  User: unknown
/favicon.ico.GET  took 0ms.  User: unknown
/index.html.GET  took 3ms.  User: unknown
/index.html.GET  took 1ms.  User: unknown
/css/site.css.GET  took 0ms.  User: unknown
/js/tasks.js.GET  took 1ms.  User: unknown
/api/todo.GET  took 0ms.  User: 3
/favicon.ico.GET  took 0ms.  User: unknown
/index.html.GET  took 2ms.  User: unknown
/css/site.css.GET  took 0ms.  User: unknown
/js/tasks.js.GET  took 0ms.  User: unknown
/api/todo.GET  took 0ms.  User: 3
/favicon.ico.GET  took 0ms.  User: unknown
/index.html.GET  took 2ms.  User: unknown
/css/site.css.GET  took 0ms.  User: unknown
/js/tasks.js.GET  took 0ms.  User: unknown
/favicon.ico.GET  took 0ms.  User: unknown
/index.html.GET  took 0ms.  User: unknown
/js/tasks.js.GET  took 0ms.  User: unknown
/index.html.GET  took 1ms.  User: unknown
/css/site.css.GET  took 0ms.  User: unknown
/js/tasks.js.GET  took 0ms.  User: unknown
/favicon.ico.GET  took 0ms.  User: unknown
/index.html.GET  took 1ms.  User: unknown
/css/site.css.GET  took 0ms.  User: unknown
/js/tasks.js.GET  took 1ms.  User: unknown
/api/todo.GET  took 0ms.  User: 3
/favicon.ico.GET  took 0ms.  User: unknown
/index.html.GET  took 1ms.  User: unknown
/css/site.css.GET  took 0ms.  User: unknown
/js/tasks.js.GET  took 0ms.  User: unknown
/api/todo.GET  took 0ms.  User: 3
/favicon.ico.GET  took 0ms.  User: unknown
/index.html.GET  took 1ms.  User: unknown
/js/tasks.js.GET  took 0ms.  User: unknown
/api/todo.GET  took 0ms.  User: 3
/html/login.html.GET  took 1ms.  User: unknown
/js/login.js.GET  took 0ms.  User: unknown
/favicon.ico.GET  took 0ms.  User: unknown
/html/login.html.GET  took 0ms.  User: unknown
/js/login.js.GET  took 1ms.  User: unknown
/favicon.ico.GET  took 0ms.  User: unknown
/api/Login.POST  took 10ms.  User: unknown
/index.html.GET  took 0ms.  User: unknown
/js/tasks.js.GET  took 0ms.  User: unknown
/api/todo.GET  took 0ms.  User: 3
/html/login.html.GET  took 0ms.  User: unknown
/js/login.js.GET  took 0ms.  User: unknown
/favicon.ico.GET  took 0ms.  User: unknown
/html/login.html.GET  took 0ms.  User: unknown
/js/login.js.GET  took 0ms.  User: unknown
/favicon.ico.GET  took 0ms.  User: unknown
/api/Login.POST  took 0ms.  User: unknown
/index.html.GET  took 0ms.  User: unknown
/js/tasks.js.GET  took 0ms.  User: unknown
/api/todo.GET  took 0ms.  User: 3
/api/Login.POST  took 0ms.  User: unknown
/js/tasks.js.GET  took 0ms.  User: unknown
/api/todo.GET  took 0ms.  User: 3
/html/login.html.GET  took 0ms.  User: unknown
/api/Login.POST  took 0ms.  User: unknown
/index.html.GET  took 0ms.  User: unknown
/js/tasks.js.GET  took 0ms.  User: unknown
/api/todo.GET  took 0ms.  User: 3
/html/login.html.GET  took 0ms.  User: unknown
/api/Login.POST  took 1ms.  User: unknown
/index.html.GET  took 0ms.  User: unknown
/js/tasks.js.GET  took 0ms.  User: unknown
/api/todo.GET  took 0ms.  User: 3
/api/Login.POST  took 0ms.  User: unknown
/index.html.GET  took 0ms.  User: unknown
/js/tasks.js.GET  took 0ms.  User: unknown
/api/todo.GET  took 0ms.  User: 3
/api/Login.POST  took 0ms.  User: unknown
/index.html.GET  took 0ms.  User: unknown
/js/tasks.js.GET  took 0ms.  User: unknown
/api/todo.GET  took 0ms.  User: 3
/index.html.GET  took 1ms.  User: unknown
/css/site.css.GET  took 1ms.  User: unknown
/js/tasks.js.GET  took 1ms.  User: unknown
/api/todo.GET  took 0ms.  User: 3
/html/login.html.GET  took 0ms.  User: unknown
/js/login.js.GET  took 0ms.  User: unknown
/favicon.ico.GET  took 0ms.  User: unknown
/api/Login.POST  took 0ms.  User: unknown
/js/tasks.js.GET  took 0ms.  User: unknown
/api/todo.GET  took 0ms.  User: 3
/js/login.js.GET  took 1ms.  User: unknown
/html/login.html.GET  took 1ms.  User: unknown
/js/login.js.GET  took 0ms.  User: unknown
/favicon.ico.GET  took 0ms.  User: unknown
/api/Login.POST  took 1ms.  User: unknown
/index.html.GET  took 1ms.  User: unknown
/js/tasks.js.GET  took 0ms.  User: unknown
/api/todo.GET  took 0ms.  User: 3
/api/Login.POST  took 0ms.  User: unknown
/js/tasks.js.GET  took 0ms.  User: unknown
/api/todo.GET  took 0ms.  User: 3
/index.html.GET  took 0ms.  User: unknown
/css/site.css.GET  took 0ms.  User: unknown
/js/tasks.js.GET  took 1ms.  User: unknown
/api/todo.GET  took 0ms.  User: 3
/favicon.ico.GET  took 0ms.  User: unknown
/index.html.GET  took 0ms.  User: unknown
/js/tasks.js.GET  took 0ms.  User: unknown
/api/todo.GET  took 0ms.  User: 3
/index.html.GET  took 0ms.  User: unknown
/css/site.css.GET  took 0ms.  User: unknown
/js/tasks.js.GET  took 1ms.  User: unknown
/api/todo.GET  took 0ms.  User: 3
/js/login.js.GET  took 0ms.  User: unknown
/favicon.ico.GET  took 0ms.  User: unknown
/api/Login.POST  took 0ms.  User: unknown
/js/tasks.js.GET  took 0ms.  User: unknown
/api/todo.GET  took 0ms.  User: 3
/html/login.html.GET  took 0ms.  User: unknown
/js/login.js.GET  took 0ms.  User: unknown
/api/Login.POST  took 0ms.  User: unknown
/index.html.GET  took 0ms.  User: unknown
/js/tasks.js.GET  took 1ms.  User: unknown
/api/todo.GET  took 0ms.  User: 3
/index.html.GET  took 12ms.  User: unknown
/css/site.css.GET  took 6ms.  User: unknown
/js/tasks.js.GET  took 11ms.  User: unknown
/api/todo.GET  took 152ms.  User: 3
/index.html.GET  took 1ms.  User: unknown
/api/todo.GET  took 4ms.  User: unknown
/html/login.html.GET  took 1ms.  User: unknown
/css/login.css.GET  took 0ms.  User: unknown
/js/login.js.GET  took 0ms.  User: unknown
/html/login.html.GET  took 1ms.  User: unknown
/css/login.css.GET  took 0ms.  User: unknown
/js/login.js.GET  took 1ms.  User: unknown
/favicon.ico.GET  took 1ms.  User: unknown
/html/login.html.GET  took 1ms.  User: unknown
/css/login.css.GET  took 0ms.  User: unknown
/js/login.js.GET  took 0ms.  User: unknown
/favicon.ico.GET  took 0ms.  User: unknown
/html/login.html.GET  took 1ms.  User: unknown
/css/login.css.GET  took 0ms.  User: unknown
/favicon.ico.GET  took 1ms.  User: unknown
/html/login.html.GET  took 1ms.  User: unknown
/js/login.js.GET  took 0ms.  User: unknown
/css/login.css.GET  took 0ms.  User: unknown
/favicon.ico.GET  took 0ms.  User: unknown
/html/login.html.GET  took 1ms.  User: unknown
/js/login.js.GET  took 0ms.  User: unknown
/css/login.css.GET  took 1ms.  User: unknown
/favicon.ico.GET  took 0ms.  User: unknown
/html/login.html.GET  took 0ms.  User: unknown
/css/login.css.GET  took 0ms.  User: unknown
/html/login.html.GET  took 0ms.  User: unknown
/css/login.css.GET  took 1ms.  User: unknown
/js/login.js.GET  took 1ms.  User: unknown
/favicon.ico.GET  took 0ms.  User: unknown
/html/login.html.GET  took 1ms.  User: unknown
/css/login.css.GET  took 0ms.  User: unknown
/js/login.js.GET  took 1ms.  User: unknown
/favicon.ico.GET  took 0ms.  User: unknown
/api/Login.POST  took 61ms.  User: unknown
/index.html.GET  took 0ms.  User: unknown
/css/site.css.GET  took 0ms.  User: unknown
/js/tasks.js.GET  took 0ms.  User: unknown
/api/todo.GET  took 1ms.  User: 3
/index.html.GET  took 0ms.  User: unknown
/api/todo.GET  took 0ms.  User: unknown
/css/login.css.GET  took 1ms.  User: unknown
/html/login.html.GET  took 0ms.  User: unknown
/css/login.css.GET  took 0ms.  User: unknown
/html/login.html.GET  took 0ms.  User: unknown
/css/login.css.GET  took 1ms.  User: unknown
/html/login.html.GET  took 0ms.  User: unknown
/css/login.css.GET  took 0ms.  User: unknown
/html/login.html.GET  took 0ms.  User: unknown
/css/login.css.GET  took 0ms.  User: unknown
/html/login.html.GET  took 0ms.  User: unknown
/css/login.css.GET  took 1ms.  User: unknown
/html/login.html.GET  took 0ms.  User: unknown
/css/login.css.GET  took 1ms.  User: unknown
/html/login.html.GET  took 0ms.  User: unknown
/css/login.css.GET  took 0ms.  User: unknown
/js/login.js.GET  took 3ms.  User: unknown
/favicon.ico.GET  took 0ms.  User: unknown
/api/Login.POST  took 2ms.  User: unknown
/index.html.GET  took 0ms.  User: unknown
/js/tasks.js.GET  took 0ms.  User: unknown
/api/todo.GET  took 0ms.  User: 3
/html/users.html.GET  took 1ms.  User: unknown
/js/users.js.GET  took 0ms.  User: unknown
/api/user.GET  took 3ms.  User: 3
/html/users.html.GET  took 0ms.  User: unknown
/getAll.GET  took 0ms.  User: 3
/api/user.GET  took 0ms.  User: 3
/html/users.html.GET  took 0ms.  User: unknown
/getAll.GET  took 1ms.  User: 3
/api/user.GET  took 0ms.  User: 3
/html/users.html.GET  took 0ms.  User: unknown
/getAll.GET  took 0ms.  User: 3
/api/user.GET  took 0ms.  User: 3
/html/users.html.GET  took 0ms.  User: unknown
/css/site.css.GET  took 0ms.  User: unknown
/js/users.js.GET  took 2ms.  User: unknown
/getAll.GET  took 1ms.  User: 3
/api/user.GET  took 0ms.  User: 3
/favicon.ico.GET  took 0ms.  User: unknown
/css/site.css.GET  took 1ms.  User: unknown
/api/todo.GET  took 1ms.  User: 3
/css/site.css.GET  took 0ms.  User: unknown
/getAll.GET  took 0ms.  User: 3
/api/user.GET  took 0ms.  User: 3
/html/users.html.GET  took 0ms.  User: unknown
/css/site.css.GET  took 0ms.  User: unknown
/getAll.GET  took 0ms.  User: 3
/api/user.GET  took 0ms.  User: 3
/html/users.html.GET  took 0ms.  User: unknown
/css/site.css.GET  took 0ms.  User: unknown
/css/users.css.GET  took 1ms.  User: unknown
/getAll.GET  took 0ms.  User: 3
/api/user.GET  took 0ms.  User: 3
/html/users.html.GET  took 0ms.  User: unknown
/css/site.css.GET  took 0ms.  User: unknown
/css/users.css.GET  took 0ms.  User: unknown
/getAll.GET  took 0ms.  User: 3
/api/user.GET  took 0ms.  User: 3
/index.html.GET  took 0ms.  User: unknown
/css/site.css.GET  took 0ms.  User: unknown
/js/tasks.js.GET  took 0ms.  User: unknown
/api/todo.GET  took 0ms.  User: 3
/index.html.GET  took 0ms.  User: unknown
/api/todo.GET  took 0ms.  User: 3
/index.html.GET  took 1ms.  User: unknown
/css/site.css.GET  took 0ms.  User: unknown
/js/tasks.js.GET  took 0ms.  User: unknown
/api/todo.GET  took 0ms.  User: 3
/favicon.ico.GET  took 0ms.  User: unknown
/html/users.html.GET  took 0ms.  User: unknown
/css/users.css.GET  took 0ms.  User: unknown
/getAll.GET  took 0ms.  User: 3
/api/user.GET  took 0ms.  User: 3
/html/users.html.GET  took 0ms.  User: unknown
/css/site.css.GET  took 0ms.  User: unknown
/css/users.css.GET  took 0ms.  User: unknown
/getAll.GET  took 0ms.  User: 3
/api/user.GET  took 0ms.  User: 3
/html/users.html.GET  took 0ms.  User: unknown
/css/site.css.GET  took 0ms.  User: unknown
/css/users.css.GET  took 1ms.  User: unknown
/getAll.GET  took 0ms.  User: 3
/api/user.GET  took 0ms.  User: 3
/html/users.html.GET  took 0ms.  User: unknown
/css/site.css.GET  took 0ms.  User: unknown
/css/users.css.GET  took 0ms.  User: unknown
/getAll.GET  took 0ms.  User: 3
/api/user.GET  took 0ms.  User: 3
/css/users.css.GET  took 0ms.  User: unknown
/html/users.html.GET  took 0ms.  User: unknown
/css/site.css.GET  took 0ms.  User: unknown
/css/users.css.GET  took 1ms.  User: unknown
/getAll.GET  took 0ms.  User: 3
/api/user.GET  took 0ms.  User: 3
/html/users.html.GET  took 0ms.  User: unknown
/css/users.css.GET  took 0ms.  User: unknown
/getAll.GET  took 0ms.  User: 3
/api/user.GET  took 0ms.  User: 3
/html/users.html.GET  took 0ms.  User: unknown
/css/users.css.GET  took 1ms.  User: unknown
/getAll.GET  took 0ms.  User: 3
/api/user.GET  took 0ms.  User: 3
/html/users.html.GET  took 0ms.  User: unknown
/css/users.css.GET  took 0ms.  User: unknown
/getAll.GET  took 0ms.  User: 3
/api/user.GET  took 0ms.  User: 3
/html/users.html.GET  took 0ms.  User: unknown
/css/users.css.GET  took 0ms.  User: unknown
/getAll.GET  took 0ms.  User: 3
/html/users.html.GET  took 0ms.  User: unknown
/css/site.css.GET  took 0ms.  User: unknown
/css/users.css.GET  took 0ms.  User: unknown
/getAll.GET  took 0ms.  User: 3
/api/user.GET  took 0ms.  User: 3
/html/users.html.GET  took 0ms.  User: unknown
/css/users.css.GET  took 0ms.  User: unknown
/getAll.GET  took 0ms.  User: 3
/api/user.GET  took 0ms.  User: 3
/api/user.POST  took 44ms.  User: 3
/getAll.GET  took 0ms.  User: 3
/html/users.html.GET  took 0ms.  User: unknown
/css/site.css.GET  took 0ms.  User: unknown
/js/users.js.GET  took 0ms.  User: unknown
/css/users.css.GET  took 1ms.  User: unknown
/getAll.GET  took 0ms.  User: 3
/api/user.GET  took 0ms.  User: 3
/html/users.html.GET  took 0ms.  User: unknown
/css/users.css.GET  took 0ms.  User: unknown
/getAll.GET  took 1ms.  User: 3
/api/user.GET  took 0ms.  User: 3
/html/users.html.GET  took 0ms.  User: unknown
/css/users.css.GET  took 0ms.  User: unknown
/getAll.GET  took 0ms.  User: 3
/api/user.GET  took 0ms.  User: 3
/html/users.html.GET  took 0ms.  User: unknown
/css/users.css.GET  took 1ms.  User: unknown
/getAll.GET  took 0ms.  User: 3
/api/user.GET  took 0ms.  User: 3
/html/users.html.GET  took 0ms.  User: unknown
/css/users.css.GET  took 0ms.  User: unknown
/api/user.GET  took 0ms.  User: 3
/html/users.html.GET  took 0ms.  User: unknown
/css/users.css.GET  took 0ms.  User: unknown
/getAll.GET  took 0ms.  User: 3
/api/user.GET  took 1ms.  User: 3
/html/users.html.GET  took 0ms.  User: unknown
/css/users.css.GET  took 0ms.  User: unknown
/getAll.GET  took 0ms.  User: 3
/html/users.html.GET  took 0ms.  User: unknown
/css/users.css.GET  took 0ms.  User: unknown
/api/user.GET  took 0ms.  User: 3
/html/users.html.GET  took 0ms.  User: unknown
/css/users.css.GET  took 0ms.  User: unknown
/getAll.GET  took 0ms.  User: 3
/api/user.GET  took 0ms.  User: 3
/html/users.html.GET  took 0ms.  User: unknown
/css/site.css.GET  took 0ms.  User: unknown
/css/users.css.GET  took 0ms.  User: unknown
/getAll.GET  took 0ms.  User: 3
/html/users.html.GET  took 0ms.  User: unknown
/css/users.css.GET  took 0ms.  User: unknown
/getAll.GET  took 0ms.  User: 3
/html/users.html.GET  took 0ms.  User: unknown
/css/users.css.GET  took 0ms.  User: unknown
/getAll.GET  took 0ms.  User: 3
/api/user.GET  took 0ms.  User: 3
/html/users.html.GET  took 0ms.  User: unknown
/css/users.css.GET  took 0ms.  User: unknown
/getAll.GET  took 0ms.  User: 3
/api/user.GET  took 0ms.  User: 3
/html/users.html.GET  took 0ms.  User: unknown
/css/users.css.GET  took 1ms.  User: unknown
/getAll.GET  took 0ms.  User: 3
/api/user.GET  took 0ms.  User: 3
/html/users.html.GET  took 0ms.  User: unknown
/css/users.css.GET  took 1ms.  User: unknown
/getAll.GET  took 0ms.  User: 3
/api/user.GET  took 0ms.  User: 3
/html/users.html.GET  took 0ms.  User: unknown
/css/users.css.GET  took 0ms.  User: unknown
/getAll.GET  took 0ms.  User: 3
/api/user.GET  took 0ms.  User: 3
/html/users.html.GET  took 0ms.  User: unknown
/css/users.css.GET  took 0ms.  User: unknown
/getAll.GET  took 0ms.  User: 3
/api/user.GET  took 0ms.  User: 3
/html/users.html.GET  took 0ms.  User: unknown
/css/users.css.GET  took 0ms.  User: unknown
/getAll.GET  took 0ms.  User: 3
/api/user.GET  took 0ms.  User: 3
/html/users.html.GET  took 0ms.  User: unknown
/css/site.css.GET  took 0ms.  User: unknown
/css/users.css.GET  took 0ms.  User: unknown
/getAll.GET  took 0ms.  User: 3
/api/user.GET  took 0ms.  User: 3
/html/users.html.GET  took 0ms.  User: unknown
/css/users.css.GET  took 0ms.  User: unknown
/getAll.GET  took 0ms.  User: 3
/api/user.GET  took 0ms.  User: 3
/css/users.css.GET  took 0ms.  User: unknown
/html/users.html.GET  took 0ms.  User: unknown
/css/users.css.GET  took 1ms.  User: unknown
/getAll.GET  took 0ms.  User: 3
/api/user.GET  took 0ms.  User: 3
/html/users.html.GET  took 0ms.  User: unknown
/css/users.css.GET  took 0ms.  User: unknown
/getAll.GET  took 0ms.  User: 3
/api/user.GET  took 0ms.  User: 3
/html/users.html.GET  took 0ms.  User: unknown
/css/users.css.GET  took 0ms.  User: unknown
/getAll.GET  took 0ms.  User: 3
/api/user.GET  took 0ms.  User: 3
/html/users.html.GET  took 0ms.  User: unknown
/css/users.css.GET  took 0ms.  User: unknown
/getAll.GET  took 0ms.  User: 3
/api/user.GET  took 0ms.  User: 3
/html/users.html.GET  took 0ms.  User: unknown
/css/users.css.GET  took 0ms.  User: unknown
/getAll.GET  took 0ms.  User: 3
/api/user.GET  took 0ms.  User: 3
/html/users.html.GET  took 0ms.  User: unknown
/css/users.css.GET  took 0ms.  User: unknown
/getAll.GET  took 0ms.  User: 3
/api/user.GET  took 0ms.  User: 3
/css/site.css.GET  took 0ms.  User: unknown
/css/users.css.GET  took 0ms.  User: unknown
/html/users.html.GET  took 0ms.  User: unknown
/css/users.css.GET  took 0ms.  User: unknown
/getAll.GET  took 0ms.  User: 3
/api/user.GET  took 0ms.  User: 3
/html/users.html.GET  took 0ms.  User: unknown
/css/users.css.GET  took 0ms.  User: unknown
/getAll.GET  took 0ms.  User: 3
/api/user.GET  took 0ms.  User: 3
/html/users.html.GET  took 0ms.  User: unknown
/css/users.css.GET  took 0ms.  User: unknown
/api/user.GET  took 0ms.  User: 3
/html/users.html.GET  took 0ms.  User: unknown
/css/users.css.GET  took 0ms.  User: unknown
/getAll.GET  took 0ms.  User: 3
/api/user.GET  took 0ms.  User: 3
/html/users.html.GET  took 0ms.  User: unknown
/css/users.css.GET  took 0ms.  User: unknown
/getAll.GET  took 0ms.  User: 3
/api/user.GET  took 0ms.  User: 3
/html/users.html.GET  took 0ms.  User: unknown
/css/users.css.GET  took 0ms.  User: unknown
/api/user.GET  took 0ms.  User: 3
/html/users.html.GET  took 0ms.  User: unknown
/css/users.css.GET  took 0ms.  User: unknown
/getAll.GET  took 0ms.  User: 3
/html/users.html.GET  took 0ms.  User: unknown
/css/site.css.GET  took 0ms.  User: unknown
/favicon.ico.GET  took 0ms.  User: unknown
/html/users.html.GET  took 0ms.  User: unknown
/css/users.css.GET  took 0ms.  User: unknown
/getAll.GET  took 0ms.  User: 3
/api/user.GET  took 0ms.  User: 3
/css/users.css.GET  took 0ms.  User: unknown
/html/users.html.GET  took 0ms.  User: unknown
/css/users.css.GET  took 0ms.  User: unknown
/getAll.GET  took 0ms.  User: 3
/api/user.GET  took 0ms.  User: 3
/html/users.html.GET  took 0ms.  User: unknown
/css/users.css.GET  took 0ms.  User: unknown
/getAll.GET  took 0ms.  User: 3
/api/user.GET  took 0ms.  User: 3
/html/users.html.GET  took 0ms.  User: unknown
/css/site.css.GET  took 0ms.  User: unknown
/css/users.css.GET  took 1ms.  User: unknown
/getAll.GET  took 0ms.  User: 3
/api/user.GET  took 0ms.  User: 3
/html/users.html.GET  took 0ms.  User: unknown
/css/users.css.GET  took 0ms.  User: unknown
/getAll.GET  took 0ms.  User: 3
/api/user.GET  took 0ms.  User: 3
/html/users.html.GET  took 0ms.  User: unknown
/css/users.css.GET  took 0ms.  User: unknown
/getAll.GET  took 0ms.  User: 3
/api/user.GET  took 0ms.  User: 3
/html/users.html.GET  took 0ms.  User: unknown
/css/users.css.GET  took 0ms.  User: unknown
/getAll.GET  took 0ms.  User: 3
/api/user.GET  took 0ms.  User: 3
/html/users.html.GET  took 0ms.  User: unknown
/css/users.css.GET  took 0ms.  User: unknown
/getAll.GET  took 0ms.  User: 3
/api/user.GET  took 0ms.  User: 3
/html/users.html.GET  took 0ms.  User: unknown
/css/users.css.GET  took 0ms.  User: unknown
/getAll.GET  took 0ms.  User: 3
/api/user.GET  took 0ms.  User: 3
/css/users.css.GET  took 0ms.  User: unknown
/html/users.html.GET  took 0ms.  User: unknown
/css/users.css.GET  took 0ms.  User: unknown
/getAll.GET  took 0ms.  User: 3
/api/user.GET  took 0ms.  User: 3
/html/users.html.GET  took 0ms.  User: unknown
/css/users.css.GET  took 0ms.  User: unknown
/api/user.GET  took 0ms.  User: 3
/html/users.html.GET  took 0ms.  User: unknown
/css/users.css.GET  took 0ms.  User: unknown
/getAll.GET  took 0ms.  User: 3
/api/user.GET  took 0ms.  User: 3
/html/users.html.GET  took 0ms.  User: unknown
/css/users.css.GET  took 0ms.  User: unknown
/getAll.GET  took 0ms.  User: 3
/api/user.GET  took 0ms.  User: 3
/html/users.html.GET  took 0ms.  User: unknown
/css/users.css.GET  took 0ms.  User: unknown
/getAll.GET  took 0ms.  User: 3
/api/user.GET  took 0ms.  User: 3
/html/users.html.GET  took 0ms.  User: unknown
/css/users.css.GET  took 1ms.  User: unknown
/getAll.GET  took 0ms.  User: 3
/api/user.GET  took 0ms.  User: 3
/html/users.html.GET  took 0ms.  User: unknown
/css/users.css.GET  took 0ms.  User: unknown
/getAll.GET  took 0ms.  User: 3
/html/users.html.GET  took 0ms.  User: unknown
/css/users.css.GET  took 0ms.  User: unknown
/getAll.GET  took 0ms.  User: 3
/api/user.GET  took 0ms.  User: 3
/index.html.GET  took 0ms.  User: unknown
/js/tasks.js.GET  took 0ms.  User: unknown
/api/todo.GET  took 0ms.  User: 3
/index.html.GET  took 0ms.  User: unknown
/css/users.css.GET  took 0ms.  User: unknown
/api/todo.GET  took 0ms.  User: 3
/api/user.GET  took 0ms.  User: 3
/api/user.GET  took 0ms.  User: 3
/api/user.GET  took 0ms.  User: 3
/css/site.css.GET  took 0ms.  User: unknown
/css/users.css.GET  took 0ms.  User: unknown
/getAll.GET  took 0ms.  User: 3
/api/user.GET  took 0ms.  User: 3
/index.html.GET  took 0ms.  User: unknown
/api/todo.GET  took 0ms.  User: 3
/index.html.GET  took 0ms.  User: unknown
/api/todo.GET  took 0ms.  User: 3
/index.html.GET  took 0ms.  User: unknown
/api/todo.GET  took 0ms.  User: 3

/index.html.GET  took 33ms.  User: unknown
/css/site.css.GET  took 5ms.  User: unknown
/js/tasks.js.GET  took 5ms.  User: unknown
/favicon.ico.GET  took 44ms.  User: unknown
/api/todo.GET  took 275ms.  User: 3
/api/todo.GET  took 44ms.  User: unknown
/html/login.html.GET  took 29ms.  User: unknown
/css/login.css.GET  took 4ms.  User: unknown
/html/login.html.GET  took 1ms.  User: unknown
/api/Login.POST  took 373ms.  User: unknown
/index.html.GET  took 1ms.  User: unknown
/api/todo.GET  took 145ms.  User: 3
/api/user.GET  took 12ms.  User: 3
/html/users.html.GET  took 3ms.  User: unknown
/css/users.css.GET  took 2ms.  User: unknown
/js/users.js.GET  took 4ms.  User: unknown
/api/user.GET  took 1ms.  User: 3
/getAll.GET  took 4ms.  User: 3
